<?xml version="1.0" encoding="UTF-8"?>
<!-- Generated by org.testng.reporters.JUnitReportReporter -->
<testsuite skipped="0" hostname="IB-Pune-PC-077" name="org.automation.testingworld.testcases.TC_002_RegistrationFunction" tests="2" failures="0" timestamp="29 Jun 2018 09:38:35 GMT" time="82.041" errors="0">
  <testcase name="tc_002_registration_functionality" time="22.783" classname="org.automation.testingworld.testcases.TC_002_RegistrationFunction"/>
  <testcase name="tc_002_registration_functionality" time="59.258" classname="org.automation.testingworld.testcases.TC_002_RegistrationFunction"/>
</testsuite> <!-- org.automation.testingworld.testcases.TC_002_RegistrationFunction -->
