<?xml version="1.0" encoding="UTF-8"?>
<!-- Generated by org.testng.reporters.JUnitReportReporter -->
<testsuite skipped="0" hostname="IB-Pune-PC-077" name="org.automation.assignment.testcases.TC_001_ValidateLoginFunctionality" tests="2" failures="0" timestamp="02 Jul 2018 06:42:16 GMT" time="41.499" errors="0">
  <testcase name="tc_001_login_functionality" time="17.839" classname="org.automation.assignment.testcases.TC_001_ValidateLoginFunctionality"/>
  <testcase name="tc_001_login_functionality" time="23.660" classname="org.automation.assignment.testcases.TC_001_ValidateLoginFunctionality"/>
</testsuite> <!-- org.automation.assignment.testcases.TC_001_ValidateLoginFunctionality -->
