<?xml version="1.0" encoding="UTF-8"?>
<!-- Generated by org.testng.reporters.JUnitReportReporter -->
<testsuite skipped="0" hostname="IB-Pune-PC-077" name="org.automation.assignment.testcases.TC_001_ValidateLoginFunctionality" tests="2" failures="0" timestamp="03 Jul 2018 12:31:44 GMT" time="38.952" errors="0">
  <testcase name="tc_001_login_functionality" time="22.355" classname="org.automation.assignment.testcases.TC_001_ValidateLoginFunctionality"/>
  <testcase name="tc_001_login_functionality" time="16.597" classname="org.automation.assignment.testcases.TC_001_ValidateLoginFunctionality"/>
</testsuite> <!-- org.automation.assignment.testcases.TC_001_ValidateLoginFunctionality -->
