<?xml version="1.0" encoding="UTF-8"?>
<!-- Generated by org.testng.reporters.JUnitReportReporter -->
<testsuite skipped="1" hostname="IB-Pune-PC-077" name="org.automation.assignment.testcases.TC_002_RegistrationFunction" tests="1" failures="0" timestamp="04 Jul 2018 09:50:14 GMT" time="0.000" errors="0">
  <testcase name="tc_002_registration_functionality" time="0.000" classname="org.automation.assignment.testcases.TC_002_RegistrationFunction">
    <skipped/>
  </testcase> <!-- tc_002_registration_functionality -->
</testsuite> <!-- org.automation.assignment.testcases.TC_002_RegistrationFunction -->
