<?xml version="1.0" encoding="UTF-8"?>
<!-- Generated by org.testng.reporters.JUnitReportReporter -->
<testsuite skipped="0" hostname="IB-Pune-PC-077" name="org.automation.assignment.testcases.TC_002_RegistrationFunction" tests="2" failures="0" timestamp="02 Jul 2018 06:42:16 GMT" time="34.744" errors="0">
  <testcase name="tc_002_registration_functionality" time="17.341" classname="org.automation.assignment.testcases.TC_002_RegistrationFunction"/>
  <testcase name="tc_002_registration_functionality" time="17.403" classname="org.automation.assignment.testcases.TC_002_RegistrationFunction"/>
</testsuite> <!-- org.automation.assignment.testcases.TC_002_RegistrationFunction -->
