<?xml version="1.0" encoding="UTF-8"?>
<!-- Generated by org.testng.reporters.JUnitReportReporter -->
<testsuite skipped="0" hostname="IB-Pune-PC-077" name="org.automation.testingworld.testcases.TC_002_RegistrationFunction" tests="1" failures="0" timestamp="29 Jun 2018 09:17:25 GMT" time="24.721" errors="0">
  <testcase name="tc_002_registration_functionality" time="24.721" classname="org.automation.testingworld.testcases.TC_002_RegistrationFunction"/>
</testsuite> <!-- org.automation.testingworld.testcases.TC_002_RegistrationFunction -->
