<?xml version="1.0" encoding="UTF-8"?>
<!-- Generated by org.testng.reporters.JUnitReportReporter -->
<testsuite skipped="2" hostname="IB-Pune-PC-077" name="org.automation.assignment.testcases.TC_001_ValidateLoginFunctionality" tests="2" failures="0" timestamp="03 Jul 2018 11:51:30 GMT" time="0.000" errors="0">
  <testcase name="tc_001_login_functionality" time="0.000" classname="org.automation.assignment.testcases.TC_001_ValidateLoginFunctionality">
    <skipped/>
  </testcase> <!-- tc_001_login_functionality -->
  <testcase name="tc_001_login_functionality" time="0.000" classname="org.automation.assignment.testcases.TC_001_ValidateLoginFunctionality">
    <skipped/>
  </testcase> <!-- tc_001_login_functionality -->
</testsuite> <!-- org.automation.assignment.testcases.TC_001_ValidateLoginFunctionality -->
